STARTTIMING: main
| STARTTIMING: overhead
| STOPTIMING: overhead 0ms
| STARTTIMING: populateArray()
| STOPTIMING: populateArray() 2ms
| STARTTIMING: Bubble Sort
| STOPTIMING: Bubble Sort 282ms
| STARTTIMING: Quick Sort
| | STARTTIMING: populateArray()
| | STOPTIMING: populateArray() 1ms
| STOPTIMING: Quick Sort 5ms
| STARTTIMING: Merge Sort
| | STARTTIMING: populateArray()
| | STOPTIMING: populateArray() 1ms
| STOPTIMING: Merge Sort 15ms
| STARTTIMING: Selection Sort
| | STARTTIMING: populateArray()
| | STOPTIMING: populateArray() 0ms
| STOPTIMING: Selection Sort 262ms
STOPTIMING: main 570ms
